0 verbose cli /usr/bin/node /usr/bin/npm
1 info using npm@8.19.2
2 info using node@v16.18.1
3 timing npm:load:whichnode Completed in 0ms
4 timing config:load:defaults Completed in 3ms
5 timing config:load:file:/usr/lib/node_modules/npm/npmrc Completed in 1ms
6 timing config:load:builtin Completed in 9ms
7 timing config:load:cli Completed in 4ms
8 timing config:load:env Completed in 1ms
9 timing config:load:project Completed in 19ms
10 timing config:load:file:/var/www/html/.npmrc Completed in 2ms
11 timing config:load:user Completed in 2ms
12 timing config:load:file:/usr/etc/npmrc Completed in 0ms
13 timing config:load:global Completed in 0ms
14 timing config:load:validate Completed in 1ms
15 timing config:load:credentials Completed in 2ms
16 timing config:load:setEnvs Completed in 2ms
17 timing config:load Completed in 45ms
18 timing npm:load:configload Completed in 45ms
19 timing npm:load:mkdirpcache Completed in 5ms
20 timing npm:load:mkdirplogs Completed in 3ms
21 verbose title npm run mix
22 verbose argv "run" "mix"
23 timing npm:load:setTitle Completed in 3ms
24 timing config:load:flatten Completed in 8ms
25 timing npm:load:display Completed in 13ms
26 verbose logfile logs-max:10 dir:/var/www/html/.npm/_logs
27 verbose logfile /var/www/html/.npm/_logs/2023-05-16T10_26_58_348Z-debug-0.log
28 timing npm:load:logFile Completed in 19ms
29 timing npm:load:timers Completed in 1ms
30 timing npm:load:configScope Completed in 0ms
31 timing npm:load Completed in 91ms
32 silly logfile done cleaning log files
33 timing command:run Completed in 17ms
34 verbose stack Error: Missing script: "mix"
34 verbose stack
34 verbose stack To see a list of scripts, run:
34 verbose stack   npm run
34 verbose stack     at RunScript.run (/usr/lib/node_modules/npm/lib/commands/run-script.js:98:13)
34 verbose stack     at async module.exports (/usr/lib/node_modules/npm/lib/cli.js:78:5)
35 verbose cwd /var/www/html
36 verbose Linux 5.10.0-21-amd64
37 verbose node v16.18.1
38 verbose npm  v8.19.2
39 error Missing script: "mix"
39 error
39 error To see a list of scripts, run:
39 error   npm run
40 verbose exit 1
41 timing npm Completed in 142ms
42 verbose code 1
43 error A complete log of this run can be found in:
43 error     /var/www/html/.npm/_logs/2023-05-16T10_26_58_348Z-debug-0.log
